<?xml version="1.0" encoding="UTF-8"?>
<!-- Generated by org.testng.reporters.JUnitXMLReporter -->
<testsuite ignored="0" hostname="DESKTOP-5AH013U" failures="2" tests="9" name="Command line test" time="134.956" errors="0" timestamp="2024-09-28T17:40:58 EET">
  <testcase classname="test_homepage.HomePageCompTest" name="CheckBadgeNumberIsDisplayedAfterPressingAddToCart" time="5.347"/>
  <testcase classname="test_homepage.HomePageCompTest" name="CheckNumberIsDisplayedOnCartIconAfterAddingEachItemToTheCart" time="6.134"/>
  <testcase classname="test_loginPage.LoginPageCompTest" name="CheckInvalidData" time="0.002"/>
  <testcase classname="test_loginPage.LoginPageCompTest" name="CheckLoginDataWithExcelFile" time="19.868">
    <failure type="java.lang.AssertionError" message="https://www.saucedemo.com/inventory.html is not contained in https://www.saucedemo.com/">
      <![CDATA[java.lang.AssertionError: https://www.saucedemo.com/inventory.html is not contained in https://www.saucedemo.com/
at Utility.TestingMethod.CheckIfContains(TestingMethod.java:42)
at comp_login.LoginPageComp.EnterLoginDataWithExcelFile(LoginPageComp.java:89)
at test_loginPage.LoginPageCompTest.CheckLoginDataWithExcelFile(LoginPageCompTest.java:45)
at java.base/java.util.ArrayList.forEach(ArrayList.java:1511)
... Removed 33 stack frames]]>
    </failure>
  </testcase> <!-- CheckLoginDataWithExcelFile -->
  <testcase classname="test_loginPage.LoginPageCompTest" name="CheckLoginPageOpened" time="0.556"/>
  <testcase classname="test_loginPage.LoginPageCompTest" name="CheckLoginWithConfig" time="8.312"/>
  <testcase classname="test_loginPage.LoginPageCompTest" name="CheckUserLoginWithValidData" time="4.144"/>
  <testcase classname="test_loginPage.LoginPageCompTest" name="TestUserLoginWithJavaFaker" time="3.94">
    <failure type="java.lang.AssertionError" message="Expected: &amp;apos;https://www.saucedemo.com/&amp;apos; to be found, but actually: &amp;apos;https://www.saucedemo.com/&amp;apos; is found.">
      <![CDATA[java.lang.AssertionError: Expected: 'https://www.saucedemo.com/' to be found, but actually: 'https://www.saucedemo.com/' is found.
at Utility.TestingMethod.CheckIfActualEqualsExpected(TestingMethod.java:32)
at comp_login.LoginPageComp.CheckUserLoginWithJavaFaker(LoginPageComp.java:154)
at test_loginPage.LoginPageCompTest.TestUserLoginWithJavaFaker(LoginPageCompTest.java:59)
at java.base/java.util.ArrayList.forEach(ArrayList.java:1511)
... Removed 33 stack frames]]>
    </failure>
  </testcase> <!-- TestUserLoginWithJavaFaker -->
  <testcase classname="test_loginPage.LoginPageCompTest" name="TestUserLoginWithValidDataByJson" time="1.081"/>
</testsuite> <!-- Command line test -->
