<?xml version="1.0" encoding="UTF-8" ?>
<testsuite tests="9" failures="2" name="TestSuite" time="49.468" errors="0" skipped="0">
  <properties>
    <property name="idea.version" value="2022.3"/>
    <property name="java.runtime.name" value="Java(TM) SE Runtime Environment"/>
    <property name="java.vm.version" value="19.0.1+10-21"/>
    <property name="sun.boot.library.path" value="C:\Program Files\Java\jdk-19\bin"/>
    <property name="maven.multiModuleProjectDirectory" value="C:\Users\20112\Desktop\DEPI\SWT\Auto\Automation practice\swaglabs.com"/>
    <property name="java.vm.vendor" value="Oracle Corporation"/>
    <property name="java.vendor.url" value="https://java.oracle.com/"/>
    <property name="guice.disable.misplaced.annotation.check" value="true"/>
    <property name="path.separator" value=";"/>
    <property name="java.vm.name" value="Java HotSpot(TM) 64-Bit Server VM"/>
    <property name="sun.os.patch.level" value=""/>
    <property name="user.script" value=""/>
    <property name="user.country" value="US"/>
    <property name="sun.java.launcher" value="SUN_STANDARD"/>
    <property name="java.vm.specification.name" value="Java Virtual Machine Specification"/>
    <property name="user.dir" value="C:\Users\20112\Desktop\DEPI\SWT\Auto\Automation practice\swaglabs.com"/>
    <property name="java.vm.compressedOopsMode" value="32-bit"/>
    <property name="java.runtime.version" value="19.0.1+10-21"/>
    <property name="os.arch" value="amd64"/>
    <property name="java.io.tmpdir" value="C:\Users\20112\AppData\Local\Temp\"/>
    <property name="line.separator" value="
"/>
    <property name="java.vm.specification.vendor" value="Oracle Corporation"/>
    <property name="user.variant" value=""/>
    <property name="stderr.encoding" value="UTF-8"/>
    <property name="os.name" value="Windows 11"/>
    <property name="maven.ext.class.path" value="C:\Program Files\JetBrains\IntelliJ IDEA Community Edition 2022.3\plugins\maven\lib\maven-event-listener.jar"/>
    <property name="classworlds.conf" value="C:\Program Files\JetBrains\IntelliJ IDEA Community Edition 2022.3\plugins\maven\lib\maven3\bin\m2.conf"/>
    <property name="sun.jnu.encoding" value="Cp1252"/>
    <property name="stdout.encoding" value="UTF-8"/>
    <property name="java.library.path" value="C:\Program Files\Java\jdk-19\bin;C:\WINDOWS\Sun\Java\bin;C:\WINDOWS\system32;C:\WINDOWS;C:\Program Files\Common Files\Oracle\Java\javapath;C:\WINDOWS\system32;C:\WINDOWS;C:\WINDOWS\System32\Wbem;C:\WINDOWS\System32\WindowsPowerShell\v1.0\;C:\WINDOWS\System32\OpenSSH\;C:\OrCAD\OrCAD_16.6_Lite\tools\bin;C:\OrCAD\OrCAD_16.6_Lite\tools\specctra\bin;C:\OrCAD\OrCAD_16.6_Lite\tools\PSpice;C:\OrCAD\OrCAD_16.6_Lite\tools\Capture;C:\OrCAD\OrCAD_16.6_Lite\tools\fet\bin;C:\OrCAD\OrCAD_16.6_Lite\tools\pcb\bin;C:\OrCAD\OrCAD_16.6_Lite\OpenAccess\bin\win32\opt;C:\Program Files\Polyspace\R2020a\runtime\win64;C:\Program Files\Polyspace\R2020a\bin;C:\Program Files\Polyspace\R2020a\polyspace\bin;C:\Program Files\dotnet\;C:\Program Files\Git\cmd;C:\Program Files\Java\jdk-19\bin;C:\Users\20112\AppData\Local\Programs\Python\Python310\Scripts;C:\Users\20112\Desktop\DEPI\SWT\Auto\allure-2.30.0\allure-2.30.0\bin;C:\Users\20112\AppData\Local\Microsoft\WindowsApps;C:\Users\20112\AppData\Local\Programs\Microsoft VS Code\bin;C:\Users\20112\Documents;C:\Users\20112\Documents\flutter\bin;C:\Program Files\JetBrains\IntelliJ IDEA Community Edition 2022.3\bin;;C:\Users\20112\AppData\Local\Programs\Python\Python310\Scripts;;."/>
    <property name="jansi.passthrough" value="true"/>
    <property name="maven.conf" value="C:\Program Files\JetBrains\IntelliJ IDEA Community Edition 2022.3\plugins\maven\lib\maven3/conf"/>
    <property name="jdk.debug" value="release"/>
    <property name="java.class.version" value="63.0"/>
    <property name="java.specification.name" value="Java Platform API Specification"/>
    <property name="sun.management.compiler" value="HotSpot 64-Bit Tiered Compilers"/>
    <property name="os.version" value="10.0"/>
    <property name="user.home" value="C:\Users\20112"/>
    <property name="user.timezone" value="Africa/Cairo"/>
    <property name="file.encoding" value="UTF-8"/>
    <property name="java.specification.version" value="19"/>
    <property name="user.name" value="20112"/>
    <property name="java.class.path" value="C:\Program Files\JetBrains\IntelliJ IDEA Community Edition 2022.3\plugins\maven\lib\maven3\boot\plexus-classworlds-2.6.0.jar;C:\Program Files\JetBrains\IntelliJ IDEA Community Edition 2022.3\plugins\maven\lib\maven3\boot\plexus-classworlds.license"/>
    <property name="java.vm.specification.version" value="19"/>
    <property name="sun.arch.data.model" value="64"/>
    <property name="sun.java.command" value="org.codehaus.classworlds.Launcher -Didea.version=2022.3 verify"/>
    <property name="java.home" value="C:\Program Files\Java\jdk-19"/>
    <property name="user.language" value="en"/>
    <property name="java.specification.vendor" value="Oracle Corporation"/>
    <property name="java.vm.info" value="mixed mode, sharing"/>
    <property name="java.version" value="19.0.1"/>
    <property name="native.encoding" value="Cp1252"/>
    <property name="java.vendor" value="Oracle Corporation"/>
    <property name="sun.stderr.encoding" value="UTF-8"/>
    <property name="maven.home" value="C:\Program Files\JetBrains\IntelliJ IDEA Community Edition 2022.3\plugins\maven\lib\maven3"/>
    <property name="file.separator" value="\"/>
    <property name="java.version.date" value="2022-10-18"/>
    <property name="java.vendor.url.bug" value="https://bugreport.java.com/bugreport/"/>
    <property name="sun.io.unicode.encoding" value="UnicodeLittle"/>
    <property name="sun.cpu.endian" value="little"/>
    <property name="sun.stdout.encoding" value="UTF-8"/>
    <property name="sun.cpu.isalist" value="amd64"/>
  </properties>
  <testcase classname="test_homepage.HomePageCompTest" name="CheckBadgeNumberIsDisplayedAfterPressingAddToCart" time="5.344"/>
  <testcase classname="test_homepage.HomePageCompTest" name="CheckNumberIsDisplayedOnCartIconAfterAddingEachItemToTheCart" time="6.141"/>
  <testcase classname="test_loginPage.LoginPageCompTest" name="CheckInvalidData" time="0.002"/>
  <testcase classname="test_loginPage.LoginPageCompTest" name="CheckLoginDataWithExcelFile" time="19.964">
    <failure message="https://www.saucedemo.com/inventory.html is not contained in https://www.saucedemo.com/" type="java.lang.AssertionError">java.lang.AssertionError: https://www.saucedemo.com/inventory.html is not contained in https://www.saucedemo.com/
	at Utility.TestingMethod.CheckIfContains(TestingMethod.java:42)
	at comp_login.LoginPageComp.EnterLoginDataWithExcelFile(LoginPageComp.java:89)
	at test_loginPage.LoginPageCompTest.CheckLoginDataWithExcelFile(LoginPageCompTest.java:45)
</failure>
    <system-out>5
Logging in with Username: problem_user and Password: secret_sauce
5
Logging in with Username: performance_glitch_user and Password: secret_sauce
5
Logging in with Username: error_user and Password: secret_sauce
5
Logging in with Username: visual_user and Password: secret_sauce
5
Logging in with Username: locked_out_user and Password: secret_sauce
</system-out>
    <system-err>Sep 28, 2024 5:39:29 PM org.openqa.selenium.devtools.CdpVersionFinder findNearestMatch
WARNING: Unable to find an exact match for CDP version 129, returning the closest version; found: 127; Please update to a Selenium version that supports CDP version 129
ERROR StatusLogger Log4j2 could not find a logging implementation. Please add log4j-core to the classpath. Using SimpleLogger to log to the console...
</system-err>
  </testcase>
  <testcase classname="test_loginPage.LoginPageCompTest" name="CheckLoginPageOpened" time="0.55"/>
  <testcase classname="test_loginPage.LoginPageCompTest" name="CheckLoginWithConfig" time="8.31"/>
  <testcase classname="test_loginPage.LoginPageCompTest" name="CheckUserLoginWithValidData" time="4.145"/>
  <testcase classname="test_loginPage.LoginPageCompTest" name="TestUserLoginWithJavaFaker" time="3.929">
    <failure message="Expected: &apos;https://www.saucedemo.com/&apos; to be found, but actually: &apos;https://www.saucedemo.com/&apos; is found." type="java.lang.AssertionError">java.lang.AssertionError: Expected: &apos;https://www.saucedemo.com/&apos; to be found, but actually: &apos;https://www.saucedemo.com/&apos; is found.
	at Utility.TestingMethod.CheckIfActualEqualsExpected(TestingMethod.java:32)
	at comp_login.LoginPageComp.CheckUserLoginWithJavaFaker(LoginPageComp.java:154)
	at test_loginPage.LoginPageCompTest.TestUserLoginWithJavaFaker(LoginPageCompTest.java:59)
</failure>
    <system-out>17:40:42.399 [main] DEBUG Utility.E2ELogger -- Check login with Java faker
17:40:45.751 [main] INFO Utility.E2ELogger -- Username: bettye.purdy
17:40:45.974 [main] INFO Utility.E2ELogger -- Password: 8mkep9mdll73m2z
</system-out>
    <system-err>Sep 28, 2024 5:40:41 PM org.openqa.selenium.devtools.CdpVersionFinder findNearestMatch
WARNING: Unable to find an exact match for CDP version 129, returning the closest version; found: 127; Please update to a Selenium version that supports CDP version 129
</system-err>
  </testcase>
  <testcase classname="test_loginPage.LoginPageCompTest" name="TestUserLoginWithValidDataByJson" time="1.083"/>
</testsuite>