<?xml version="1.0" encoding="UTF-8"?>
<testng-results ignored="0" total="9" passed="7" failed="2" skipped="0">
  <reporter-output>
  </reporter-output>
  <suite started-at="2024-09-28T17:38:43 EET" name="Command line suite" finished-at="2024-09-28T17:40:58 EET" duration-ms="134956">
    <groups>
    </groups>
    <test started-at="2024-09-28T17:38:43 EET" name="Command line test" finished-at="2024-09-28T17:40:58 EET" duration-ms="134956">
      <class name="test_loginPage.LoginPageCompTest">
        <test-method is-config="true" signature="OpenBrowser()[pri:0, instance:test_loginPage.LoginPageCompTest@6069db50]" started-at="2024-09-28T17:39:18 EET" name="OpenBrowser" finished-at="2024-09-28T17:39:23 EET" duration-ms="5160" status="PASS">
          <reporter-output>
          </reporter-output>
        </test-method> <!-- OpenBrowser -->
        <test-method signature="CheckInvalidData()[pri:0, instance:test_loginPage.LoginPageCompTest@6069db50]" started-at="2024-09-28T17:39:23 EET" name="CheckInvalidData" finished-at="2024-09-28T17:39:23 EET" duration-ms="2" status="PASS">
          <reporter-output>
          </reporter-output>
        </test-method> <!-- CheckInvalidData -->
        <test-method is-config="true" signature="CloseBrowser()[pri:0, instance:test_loginPage.LoginPageCompTest@6069db50]" started-at="2024-09-28T17:39:23 EET" name="CloseBrowser" finished-at="2024-09-28T17:39:26 EET" duration-ms="3586" status="PASS">
          <reporter-output>
          </reporter-output>
        </test-method> <!-- CloseBrowser -->
        <test-method is-config="true" signature="OpenBrowser()[pri:0, instance:test_loginPage.LoginPageCompTest@6069db50]" started-at="2024-09-28T17:39:26 EET" name="OpenBrowser" finished-at="2024-09-28T17:39:31 EET" duration-ms="4682" status="PASS">
          <reporter-output>
          </reporter-output>
        </test-method> <!-- OpenBrowser -->
        <test-method signature="CheckLoginDataWithExcelFile()[pri:0, instance:test_loginPage.LoginPageCompTest@6069db50]" started-at="2024-09-28T17:39:31 EET" name="CheckLoginDataWithExcelFile" finished-at="2024-09-28T17:39:51 EET" duration-ms="19868" status="FAIL">
          <exception class="java.lang.AssertionError">
            <message>
              <![CDATA[https://www.saucedemo.com/inventory.html is not contained in https://www.saucedemo.com/]]>
            </message>
            <full-stacktrace>
              <![CDATA[java.lang.AssertionError: https://www.saucedemo.com/inventory.html is not contained in https://www.saucedemo.com/
at Utility.TestingMethod.CheckIfContains(TestingMethod.java:42)
at comp_login.LoginPageComp.EnterLoginDataWithExcelFile(LoginPageComp.java:89)
at test_loginPage.LoginPageCompTest.CheckLoginDataWithExcelFile(LoginPageCompTest.java:45)
at java.base/jdk.internal.reflect.DirectMethodHandleAccessor.invoke(DirectMethodHandleAccessor.java:104)
at java.base/java.lang.reflect.Method.invoke(Method.java:578)
at org.testng.internal.invokers.MethodInvocationHelper.invokeMethod(MethodInvocationHelper.java:141)
at org.testng.internal.invokers.TestInvoker.invokeMethod(TestInvoker.java:686)
at org.testng.internal.invokers.TestInvoker.invokeTestMethod(TestInvoker.java:230)
at org.testng.internal.invokers.MethodRunner.runInSequence(MethodRunner.java:63)
at org.testng.internal.invokers.TestInvoker$MethodInvocationAgent.invoke(TestInvoker.java:992)
at org.testng.internal.invokers.TestInvoker.invokeTestMethods(TestInvoker.java:203)
at org.testng.internal.invokers.TestMethodWorker.invokeTestMethods(TestMethodWorker.java:154)
at org.testng.internal.invokers.TestMethodWorker.run(TestMethodWorker.java:134)
at java.base/java.util.ArrayList.forEach(ArrayList.java:1511)
at org.testng.TestRunner.privateRun(TestRunner.java:739)
at org.testng.TestRunner.run(TestRunner.java:614)
at org.testng.SuiteRunner.runTest(SuiteRunner.java:421)
at org.testng.SuiteRunner.runSequentially(SuiteRunner.java:413)
at org.testng.SuiteRunner.privateRun(SuiteRunner.java:373)
at org.testng.SuiteRunner.run(SuiteRunner.java:312)
at org.testng.SuiteRunnerWorker.runSuite(SuiteRunnerWorker.java:52)
at org.testng.SuiteRunnerWorker.run(SuiteRunnerWorker.java:95)
at org.testng.TestNG.runSuitesSequentially(TestNG.java:1274)
at org.testng.TestNG.runSuitesLocally(TestNG.java:1208)
at org.testng.TestNG.runSuites(TestNG.java:1112)
at org.testng.TestNG.run(TestNG.java:1079)
at org.apache.maven.surefire.testng.TestNGExecutor.run(TestNGExecutor.java:77)
at org.apache.maven.surefire.testng.TestNGDirectoryTestSuite.executeMulti(TestNGDirectoryTestSuite.java:159)
at org.apache.maven.surefire.testng.TestNGDirectoryTestSuite.execute(TestNGDirectoryTestSuite.java:99)
at org.apache.maven.surefire.testng.TestNGProvider.invoke(TestNGProvider.java:106)
at java.base/jdk.internal.reflect.DirectMethodHandleAccessor.invoke(DirectMethodHandleAccessor.java:104)
at java.base/java.lang.reflect.Method.invoke(Method.java:578)
at org.apache.maven.surefire.util.ReflectionUtils.invokeMethodWithArray(ReflectionUtils.java:189)
at org.apache.maven.surefire.booter.ProviderFactory$ProviderProxy.invoke(ProviderFactory.java:165)
at org.apache.maven.surefire.booter.ProviderFactory.invokeProvider(ProviderFactory.java:85)
at org.apache.maven.surefire.booter.ForkedBooter.runSuitesInProcess(ForkedBooter.java:115)
at org.apache.maven.surefire.booter.ForkedBooter.main(ForkedBooter.java:75)
]]>
            </full-stacktrace>
          </exception> <!-- java.lang.AssertionError -->
          <reporter-output>
          </reporter-output>
        </test-method> <!-- CheckLoginDataWithExcelFile -->
        <test-method is-config="true" signature="CloseBrowser()[pri:0, instance:test_loginPage.LoginPageCompTest@6069db50]" started-at="2024-09-28T17:39:51 EET" name="CloseBrowser" finished-at="2024-09-28T17:39:56 EET" duration-ms="5358" status="PASS">
          <reporter-output>
          </reporter-output>
        </test-method> <!-- CloseBrowser -->
        <test-method is-config="true" signature="OpenBrowser()[pri:0, instance:test_loginPage.LoginPageCompTest@6069db50]" started-at="2024-09-28T17:39:56 EET" name="OpenBrowser" finished-at="2024-09-28T17:40:02 EET" duration-ms="5328" status="PASS">
          <reporter-output>
          </reporter-output>
        </test-method> <!-- OpenBrowser -->
        <test-method signature="CheckLoginPageOpened()[pri:0, instance:test_loginPage.LoginPageCompTest@6069db50]" started-at="2024-09-28T17:40:02 EET" name="CheckLoginPageOpened" finished-at="2024-09-28T17:40:02 EET" duration-ms="556" status="PASS">
          <reporter-output>
          </reporter-output>
        </test-method> <!-- CheckLoginPageOpened -->
        <test-method is-config="true" signature="CloseBrowser()[pri:0, instance:test_loginPage.LoginPageCompTest@6069db50]" started-at="2024-09-28T17:40:02 EET" name="CloseBrowser" finished-at="2024-09-28T17:40:06 EET" duration-ms="3737" status="PASS">
          <reporter-output>
          </reporter-output>
        </test-method> <!-- CloseBrowser -->
        <test-method is-config="true" signature="OpenBrowser()[pri:0, instance:test_loginPage.LoginPageCompTest@6069db50]" started-at="2024-09-28T17:40:06 EET" name="OpenBrowser" finished-at="2024-09-28T17:40:12 EET" duration-ms="5702" status="PASS">
          <reporter-output>
          </reporter-output>
        </test-method> <!-- OpenBrowser -->
        <test-method signature="CheckLoginWithConfig()[pri:0, instance:test_loginPage.LoginPageCompTest@6069db50]" started-at="2024-09-28T17:40:12 EET" name="CheckLoginWithConfig" finished-at="2024-09-28T17:40:20 EET" duration-ms="8312" status="PASS">
          <reporter-output>
          </reporter-output>
        </test-method> <!-- CheckLoginWithConfig -->
        <test-method is-config="true" signature="CloseBrowser()[pri:0, instance:test_loginPage.LoginPageCompTest@6069db50]" started-at="2024-09-28T17:40:20 EET" name="CloseBrowser" finished-at="2024-09-28T17:40:24 EET" duration-ms="3770" status="PASS">
          <reporter-output>
          </reporter-output>
        </test-method> <!-- CloseBrowser -->
        <test-method is-config="true" signature="OpenBrowser()[pri:0, instance:test_loginPage.LoginPageCompTest@6069db50]" started-at="2024-09-28T17:40:24 EET" name="OpenBrowser" finished-at="2024-09-28T17:40:28 EET" duration-ms="3967" status="PASS">
          <reporter-output>
          </reporter-output>
        </test-method> <!-- OpenBrowser -->
        <test-method signature="CheckUserLoginWithValidData()[pri:0, instance:test_loginPage.LoginPageCompTest@6069db50]" started-at="2024-09-28T17:40:28 EET" name="CheckUserLoginWithValidData" finished-at="2024-09-28T17:40:32 EET" duration-ms="4144" status="PASS">
          <reporter-output>
          </reporter-output>
        </test-method> <!-- CheckUserLoginWithValidData -->
        <test-method is-config="true" signature="CloseBrowser()[pri:0, instance:test_loginPage.LoginPageCompTest@6069db50]" started-at="2024-09-28T17:40:32 EET" name="CloseBrowser" finished-at="2024-09-28T17:40:36 EET" duration-ms="4130" status="PASS">
          <reporter-output>
          </reporter-output>
        </test-method> <!-- CloseBrowser -->
        <test-method is-config="true" signature="OpenBrowser()[pri:0, instance:test_loginPage.LoginPageCompTest@6069db50]" started-at="2024-09-28T17:40:36 EET" name="OpenBrowser" finished-at="2024-09-28T17:40:42 EET" duration-ms="5844" status="PASS">
          <reporter-output>
          </reporter-output>
        </test-method> <!-- OpenBrowser -->
        <test-method signature="TestUserLoginWithJavaFaker()[pri:0, instance:test_loginPage.LoginPageCompTest@6069db50]" started-at="2024-09-28T17:40:42 EET" name="TestUserLoginWithJavaFaker" finished-at="2024-09-28T17:40:46 EET" duration-ms="3940" status="FAIL">
          <exception class="java.lang.AssertionError">
            <message>
              <![CDATA[Expected: 'https://www.saucedemo.com/' to be found, but actually: 'https://www.saucedemo.com/' is found.]]>
            </message>
            <full-stacktrace>
              <![CDATA[java.lang.AssertionError: Expected: 'https://www.saucedemo.com/' to be found, but actually: 'https://www.saucedemo.com/' is found.
at Utility.TestingMethod.CheckIfActualEqualsExpected(TestingMethod.java:32)
at comp_login.LoginPageComp.CheckUserLoginWithJavaFaker(LoginPageComp.java:154)
at test_loginPage.LoginPageCompTest.TestUserLoginWithJavaFaker(LoginPageCompTest.java:59)
at java.base/jdk.internal.reflect.DirectMethodHandleAccessor.invoke(DirectMethodHandleAccessor.java:104)
at java.base/java.lang.reflect.Method.invoke(Method.java:578)
at org.testng.internal.invokers.MethodInvocationHelper.invokeMethod(MethodInvocationHelper.java:141)
at org.testng.internal.invokers.TestInvoker.invokeMethod(TestInvoker.java:686)
at org.testng.internal.invokers.TestInvoker.invokeTestMethod(TestInvoker.java:230)
at org.testng.internal.invokers.MethodRunner.runInSequence(MethodRunner.java:63)
at org.testng.internal.invokers.TestInvoker$MethodInvocationAgent.invoke(TestInvoker.java:992)
at org.testng.internal.invokers.TestInvoker.invokeTestMethods(TestInvoker.java:203)
at org.testng.internal.invokers.TestMethodWorker.invokeTestMethods(TestMethodWorker.java:154)
at org.testng.internal.invokers.TestMethodWorker.run(TestMethodWorker.java:134)
at java.base/java.util.ArrayList.forEach(ArrayList.java:1511)
at org.testng.TestRunner.privateRun(TestRunner.java:739)
at org.testng.TestRunner.run(TestRunner.java:614)
at org.testng.SuiteRunner.runTest(SuiteRunner.java:421)
at org.testng.SuiteRunner.runSequentially(SuiteRunner.java:413)
at org.testng.SuiteRunner.privateRun(SuiteRunner.java:373)
at org.testng.SuiteRunner.run(SuiteRunner.java:312)
at org.testng.SuiteRunnerWorker.runSuite(SuiteRunnerWorker.java:52)
at org.testng.SuiteRunnerWorker.run(SuiteRunnerWorker.java:95)
at org.testng.TestNG.runSuitesSequentially(TestNG.java:1274)
at org.testng.TestNG.runSuitesLocally(TestNG.java:1208)
at org.testng.TestNG.runSuites(TestNG.java:1112)
at org.testng.TestNG.run(TestNG.java:1079)
at org.apache.maven.surefire.testng.TestNGExecutor.run(TestNGExecutor.java:77)
at org.apache.maven.surefire.testng.TestNGDirectoryTestSuite.executeMulti(TestNGDirectoryTestSuite.java:159)
at org.apache.maven.surefire.testng.TestNGDirectoryTestSuite.execute(TestNGDirectoryTestSuite.java:99)
at org.apache.maven.surefire.testng.TestNGProvider.invoke(TestNGProvider.java:106)
at java.base/jdk.internal.reflect.DirectMethodHandleAccessor.invoke(DirectMethodHandleAccessor.java:104)
at java.base/java.lang.reflect.Method.invoke(Method.java:578)
at org.apache.maven.surefire.util.ReflectionUtils.invokeMethodWithArray(ReflectionUtils.java:189)
at org.apache.maven.surefire.booter.ProviderFactory$ProviderProxy.invoke(ProviderFactory.java:165)
at org.apache.maven.surefire.booter.ProviderFactory.invokeProvider(ProviderFactory.java:85)
at org.apache.maven.surefire.booter.ForkedBooter.runSuitesInProcess(ForkedBooter.java:115)
at org.apache.maven.surefire.booter.ForkedBooter.main(ForkedBooter.java:75)
]]>
            </full-stacktrace>
          </exception> <!-- java.lang.AssertionError -->
          <reporter-output>
          </reporter-output>
        </test-method> <!-- TestUserLoginWithJavaFaker -->
        <test-method is-config="true" signature="CloseBrowser()[pri:0, instance:test_loginPage.LoginPageCompTest@6069db50]" started-at="2024-09-28T17:40:46 EET" name="CloseBrowser" finished-at="2024-09-28T17:40:49 EET" duration-ms="3318" status="PASS">
          <reporter-output>
          </reporter-output>
        </test-method> <!-- CloseBrowser -->
        <test-method is-config="true" signature="OpenBrowser()[pri:0, instance:test_loginPage.LoginPageCompTest@6069db50]" started-at="2024-09-28T17:40:49 EET" name="OpenBrowser" finished-at="2024-09-28T17:40:53 EET" duration-ms="3786" status="PASS">
          <reporter-output>
          </reporter-output>
        </test-method> <!-- OpenBrowser -->
        <test-method signature="TestUserLoginWithValidDataByJson()[pri:0, instance:test_loginPage.LoginPageCompTest@6069db50]" started-at="2024-09-28T17:40:53 EET" name="TestUserLoginWithValidDataByJson" finished-at="2024-09-28T17:40:54 EET" duration-ms="1081" status="PASS">
          <reporter-output>
          </reporter-output>
        </test-method> <!-- TestUserLoginWithValidDataByJson -->
        <test-method is-config="true" signature="CloseBrowser()[pri:0, instance:test_loginPage.LoginPageCompTest@6069db50]" started-at="2024-09-28T17:40:54 EET" name="CloseBrowser" finished-at="2024-09-28T17:40:58 EET" duration-ms="3509" status="PASS">
          <reporter-output>
          </reporter-output>
        </test-method> <!-- CloseBrowser -->
      </class> <!-- test_loginPage.LoginPageCompTest -->
      <class name="test_homepage.HomePageCompTest">
        <test-method is-config="true" signature="OpenBrowser()[pri:0, instance:test_homepage.HomePageCompTest@5ffead27]" started-at="2024-09-28T17:38:43 EET" name="OpenBrowser" finished-at="2024-09-28T17:38:55 EET" duration-ms="11784" status="PASS">
          <reporter-output>
          </reporter-output>
        </test-method> <!-- OpenBrowser -->
        <test-method signature="CheckBadgeNumberIsDisplayedAfterPressingAddToCart()[pri:0, instance:test_homepage.HomePageCompTest@5ffead27]" started-at="2024-09-28T17:38:55 EET" name="CheckBadgeNumberIsDisplayedAfterPressingAddToCart" finished-at="2024-09-28T17:39:00 EET" duration-ms="5347" status="PASS">
          <reporter-output>
          </reporter-output>
        </test-method> <!-- CheckBadgeNumberIsDisplayedAfterPressingAddToCart -->
        <test-method is-config="true" signature="CloseBrowser()[pri:0, instance:test_homepage.HomePageCompTest@5ffead27]" started-at="2024-09-28T17:39:00 EET" name="CloseBrowser" finished-at="2024-09-28T17:39:05 EET" duration-ms="5239" status="PASS">
          <reporter-output>
          </reporter-output>
        </test-method> <!-- CloseBrowser -->
        <test-method is-config="true" signature="OpenBrowser()[pri:0, instance:test_homepage.HomePageCompTest@5ffead27]" started-at="2024-09-28T17:39:05 EET" name="OpenBrowser" finished-at="2024-09-28T17:39:08 EET" duration-ms="2898" status="PASS">
          <reporter-output>
          </reporter-output>
        </test-method> <!-- OpenBrowser -->
        <test-method signature="CheckNumberIsDisplayedOnCartIconAfterAddingEachItemToTheCart()[pri:0, instance:test_homepage.HomePageCompTest@5ffead27]" started-at="2024-09-28T17:39:08 EET" name="CheckNumberIsDisplayedOnCartIconAfterAddingEachItemToTheCart" finished-at="2024-09-28T17:39:14 EET" duration-ms="6134" status="PASS">
          <reporter-output>
          </reporter-output>
        </test-method> <!-- CheckNumberIsDisplayedOnCartIconAfterAddingEachItemToTheCart -->
        <test-method is-config="true" signature="CloseBrowser()[pri:0, instance:test_homepage.HomePageCompTest@5ffead27]" started-at="2024-09-28T17:39:14 EET" name="CloseBrowser" finished-at="2024-09-28T17:39:18 EET" duration-ms="3456" status="PASS">
          <reporter-output>
          </reporter-output>
        </test-method> <!-- CloseBrowser -->
      </class> <!-- test_homepage.HomePageCompTest -->
    </test> <!-- Command line test -->
  </suite> <!-- Command line suite -->
</testng-results>
