<?xml version="1.0" encoding="UTF-8"?>
<testng-results ignored="0" total="1" passed="0" failed="1" skipped="0">
  <reporter-output>
  </reporter-output>
  <suite started-at="2024-09-24T23:31:00 EEST" name="Default suite" finished-at="2024-09-24T23:31:09 EEST" duration-ms="9427">
    <groups>
    </groups>
    <test started-at="2024-09-24T23:31:00 EEST" name="Default test" finished-at="2024-09-24T23:31:09 EEST" duration-ms="9427">
      <class name="test_loginPage.LoginPageCompTest">
        <test-method is-config="true" signature="OpenBrowser()[pri:0, instance:test_loginPage.LoginPageCompTest@2663e964]" started-at="2024-09-24T23:31:00 EEST" name="OpenBrowser" finished-at="2024-09-24T23:31:04 EEST" duration-ms="4047" status="PASS">
          <reporter-output>
          </reporter-output>
        </test-method> <!-- OpenBrowser -->
        <test-method signature="TestUserLoginWithJavaFaker()[pri:0, instance:test_loginPage.LoginPageCompTest@2663e964]" started-at="2024-09-24T23:31:04 EEST" name="TestUserLoginWithJavaFaker" finished-at="2024-09-24T23:31:04 EEST" duration-ms="518" status="FAIL">
          <exception class="java.lang.AssertionError">
            <message>
              <![CDATA[Expected: 'https://www.saucedemo.com/' to be found, but actually: 'https://www.saucedemo.com/' is found.]]>
            </message>
            <full-stacktrace>
              <![CDATA[java.lang.AssertionError: Expected: 'https://www.saucedemo.com/' to be found, but actually: 'https://www.saucedemo.com/' is found.
at Utility.TestingMethod.CheckIfActualEqualsExpected(TestingMethod.java:32)
at comp_login.LoginPageComp.CheckUserLoginWithJavaFaker(LoginPageComp.java:154)
at test_loginPage.LoginPageCompTest.TestUserLoginWithJavaFaker(LoginPageCompTest.java:62)
at java.base/jdk.internal.reflect.DirectMethodHandleAccessor.invoke(DirectMethodHandleAccessor.java:103)
at java.base/java.lang.reflect.Method.invoke(Method.java:580)
at org.testng.internal.invokers.MethodInvocationHelper.invokeMethod(MethodInvocationHelper.java:141)
at org.testng.internal.invokers.TestInvoker.invokeMethod(TestInvoker.java:686)
at org.testng.internal.invokers.TestInvoker.invokeTestMethod(TestInvoker.java:230)
at org.testng.internal.invokers.MethodRunner.runInSequence(MethodRunner.java:63)
at org.testng.internal.invokers.TestInvoker$MethodInvocationAgent.invoke(TestInvoker.java:992)
at org.testng.internal.invokers.TestInvoker.invokeTestMethods(TestInvoker.java:203)
at org.testng.internal.invokers.TestMethodWorker.invokeTestMethods(TestMethodWorker.java:154)
at org.testng.internal.invokers.TestMethodWorker.run(TestMethodWorker.java:134)
at java.base/java.util.ArrayList.forEach(ArrayList.java:1597)
at org.testng.TestRunner.privateRun(TestRunner.java:739)
at org.testng.TestRunner.run(TestRunner.java:614)
at org.testng.SuiteRunner.runTest(SuiteRunner.java:421)
at org.testng.SuiteRunner.runSequentially(SuiteRunner.java:413)
at org.testng.SuiteRunner.privateRun(SuiteRunner.java:373)
at org.testng.SuiteRunner.run(SuiteRunner.java:312)
at org.testng.SuiteRunnerWorker.runSuite(SuiteRunnerWorker.java:52)
at org.testng.SuiteRunnerWorker.run(SuiteRunnerWorker.java:95)
at org.testng.TestNG.runSuitesSequentially(TestNG.java:1274)
at org.testng.TestNG.runSuitesLocally(TestNG.java:1208)
at org.testng.TestNG.runSuites(TestNG.java:1112)
at org.testng.TestNG.run(TestNG.java:1079)
at org.testng.remote.AbstractRemoteTestNG.run(AbstractRemoteTestNG.java:115)
at org.testng.remote.RemoteTestNG.initAndRun(RemoteTestNG.java:293)
at org.testng.remote.RemoteTestNG.main(RemoteTestNG.java:91)
]]>
            </full-stacktrace>
          </exception> <!-- java.lang.AssertionError -->
          <reporter-output>
          </reporter-output>
        </test-method> <!-- TestUserLoginWithJavaFaker -->
        <test-method is-config="true" signature="CloseBrowser()[pri:0, instance:test_loginPage.LoginPageCompTest@2663e964]" started-at="2024-09-24T23:31:04 EEST" name="CloseBrowser" finished-at="2024-09-24T23:31:09 EEST" duration-ms="4820" status="PASS">
          <reporter-output>
          </reporter-output>
        </test-method> <!-- CloseBrowser -->
      </class> <!-- test_loginPage.LoginPageCompTest -->
    </test> <!-- Default test -->
  </suite> <!-- Default suite -->
</testng-results>
